2023-01-30 21:26:52 add unstable deb main amd64 libcutefish 0.8-alpha1
2023-01-30 21:28:15 add unstable deb main amd64 cutefish-core 0.8-alpha1
2023-01-30 22:49:45 add unstable deb main amd64 fishui 0.8-alpha1
2023-01-30 22:50:03 add unstable deb main amd64 cutefish-kwin-plugins 0.8-alpha1
2023-01-30 22:50:13 add unstable deb main amd64 cutefish-qt-plugins 0.8-alpha1
2023-01-30 23:30:36 add unstable deb main amd64 cutefish-terminal 0.8-alpha1
2023-01-31 11:14:29 add unstable deb main amd64 cutefish-filemanager 0.8-alpha1
2023-01-31 11:14:29 replace unstable deb main amd64 cutefish-terminal 0.8-alpha2 0.8-alpha1
2023-01-31 23:01:44 add unstable deb main amd64 cutefish-calculator 0.6-1
2023-01-31 23:01:44 add unstable deb main amd64 cutefish-daemon 0.8
2023-01-31 23:01:44 add unstable deb main amd64 cutefish-debinstaller 0.7-1
2023-01-31 23:01:44 add unstable deb main amd64 cutefish-dock 0.8-alpha1
2023-01-31 23:01:44 add unstable deb main amd64 cutefish-gtk-themes 0.7
2023-01-31 23:01:45 add unstable deb main amd64 cutefish-icons 0.8
2023-01-31 23:01:45 add unstable deb main amd64 cutefish-launcher 0.8-alpha1
2023-01-31 23:01:45 add unstable deb main amd64 cutefish-plymouth-theme 0.5
2023-01-31 23:01:45 add unstable deb main amd64 cutefish-screenlocker 0.8-alpha1
2023-01-31 23:01:45 add unstable deb main amd64 cutefish-screenshot 0.8-alpha1
2023-01-31 23:01:45 add unstable deb main amd64 cutefish-sddm-theme 0.5-1
2023-01-31 23:01:45 add unstable deb main amd64 cutefish-settings 0.8-alpha1
2023-01-31 23:01:45 add unstable deb main amd64 cutefish-statusbar 0.8-2-alpha1
2023-01-31 23:01:45 add unstable deb main amd64 cutefish-updator 0.8-2-alpha1
2023-01-31 23:01:45 add unstable deb main amd64 cutefish-videoplayer 0.5-3
2023-01-31 23:01:45 add unstable deb main amd64 cutefish-wallpapers 0.8-alpha1
2023-01-31 23:01:46 add unstable deb main amd64 texteditor 0.8-alpha1
2023-02-01 09:50:27 add unstable deb main amd64 appmotor 0.7-1
2023-02-01 09:50:39 add unstable deb main amd64 cutefish-cursor-themes 0.5
2023-02-02 22:48:46 add ubuntu-jammy deb main amd64 cutefish-filemanager 0.7-1
2023-02-02 22:48:46 add ubuntu-jammy deb main amd64 cutefish-launcher 0.7
2023-02-02 22:48:46 add ubuntu-jammy deb main amd64 cutefish-screenlocker 0.6
2023-02-02 22:48:46 add ubuntu-jammy deb main amd64 libcutefish 0.8-alpha1
2023-02-02 22:48:55 add ubuntu-jammy deb main amd64 cutefish-filemanager-build-deps 0.7-1
2023-02-02 22:48:55 add ubuntu-jammy deb main amd64 cutefish-launcher-build-deps 0.7
2023-02-02 22:48:55 add ubuntu-jammy deb main amd64 cutefish-screenlocker-build-deps 0.6
2023-02-02 22:48:55 add ubuntu-jammy deb main amd64 libcutefish-build-deps 0.8-alpha1
2023-02-02 22:49:35 add unstable deb main amd64 cutefish-filemanager-build-deps 0.7-1
2023-02-02 22:49:35 add unstable deb main amd64 cutefish-launcher-build-deps 0.7
2023-02-02 22:49:35 add unstable deb main amd64 cutefish-screenlocker-build-deps 0.6
2023-02-02 22:49:35 add unstable deb main amd64 libcutefish-build-deps 0.8-alpha1
2023-02-02 23:07:01 add unstable deb main i386 cutefish-filemanager-build-deps 0.7-1
2023-02-02 23:07:01 add unstable deb main i386 cutefish-icons 0.8
2023-02-02 23:07:01 add unstable deb main i386 cutefish-launcher-build-deps 0.7
2023-02-02 23:07:01 add unstable deb main i386 cutefish-plymouth-theme 0.5
2023-02-02 23:07:01 add unstable deb main i386 cutefish-screenlocker-build-deps 0.6
2023-02-02 23:07:01 add unstable deb main i386 libcutefish-build-deps 0.8-alpha1
2023-02-02 23:07:06 add ubuntu-jammy deb main i386 cutefish-filemanager-build-deps 0.7-1
2023-02-02 23:07:06 add ubuntu-jammy deb main i386 cutefish-launcher-build-deps 0.7
2023-02-02 23:07:06 add ubuntu-jammy deb main i386 cutefish-screenlocker-build-deps 0.6
2023-02-02 23:07:06 add ubuntu-jammy deb main i386 libcutefish-build-deps 0.8-alpha1
